# JRE version: Java(TM) SE Runtime Environment (7.0_80-b15) (build 1.7.0_80-b15)
# Java VM: Java HotSpot(TM) 64-Bit Server VM (24.80-b11 mixed mode windows-amd64 compressed oops)
Heap
 PSYoungGen      total 76288K, used 10751K [0x00000007ab600000, 0x00000007b0b00000, 0x0000000800000000)
  eden space 65536K, 0% used [0x00000007ab600000,0x00000007ab600000,0x00000007af600000)
  from space 10752K, 99% used [0x00000007b0080000,0x00000007b0affe40,0x00000007b0b00000)
  to   space 10752K, 0% used [0x00000007af600000,0x00000007af600000,0x00000007b0080000)
 ParOldGen       total 173056K, used 24992K [0x0000000702200000, 0x000000070cb00000, 0x00000007ab600000)
  object space 173056K, 14% used [0x0000000702200000,0x0000000703a681d8,0x000000070cb00000)
 PSPermGen       total 23552K, used 23193K [0x00000006fd000000, 0x00000006fe700000, 0x0000000702200000)
  object space 23552K, 98% used [0x00000006fd000000,0x00000006fe6a67f8,0x00000006fe700000)
GC Heap History (10 events):
Event: 1.533 GC heap before
{Heap before GC invocations=1 (full 0):
 PSYoungGen      total 76288K, used 65536K [0x00000007ab600000, 0x00000007b0b00000, 0x0000000800000000)
  eden space 65536K, 100% used [0x00000007ab600000,0x00000007af600000,0x00000007af600000)
  from space 10752K, 0% used [0x00000007b0080000,0x00000007b0080000,0x00000007b0b00000)
  to   space 10752K, 0% used [0x00000007af600000,0x00000007af600000,0x00000007b0080000)
 ParOldGen       total 173056K, used 0K [0x0000000702200000, 0x000000070cb00000, 0x00000007ab600000)
  object space 173056K, 0% used [0x0000000702200000,0x0000000702200000,0x000000070cb00000)
 PSPermGen       total 21504K, used 11901K [0x00000006fd000000, 0x00000006fe500000, 0x0000000702200000)
  object space 21504K, 55% used [0x00000006fd000000,0x00000006fdb9f528,0x00000006fe500000)
Event: 1.541 GC heap after
Heap after GC invocations=1 (full 0):
 PSYoungGen      total 76288K, used 9486K [0x00000007ab600000, 0x00000007b0b00000, 0x0000000800000000)
  eden space 65536K, 0% used [0x00000007ab600000,0x00000007ab600000,0x00000007af600000)
  from space 10752K, 88% used [0x00000007af600000,0x00000007aff43890,0x00000007b0080000)
  to   space 10752K, 0% used [0x00000007b0080000,0x00000007b0080000,0x00000007b0b00000)
 ParOldGen       total 173056K, used 8K [0x0000000702200000, 0x000000070cb00000, 0x00000007ab600000)
  object space 173056K, 0% used [0x0000000702200000,0x0000000702202000,0x000000070cb00000)
 PSPermGen       total 21504K, used 11901K [0x00000006fd000000, 0x00000006fe500000, 0x0000000702200000)
  object space 21504K, 55% used [0x00000006fd000000,0x00000006fdb9f528,0x00000006fe500000)
}
Event: 2.759 GC heap before
{Heap before GC invocations=2 (full 0):
 PSYoungGen      total 76288K, used 75022K [0x00000007ab600000, 0x00000007b0b00000, 0x0000000800000000)
  eden space 65536K, 100% used [0x00000007ab600000,0x00000007af600000,0x00000007af600000)
  from space 10752K, 88% used [0x00000007af600000,0x00000007aff43890,0x00000007b0080000)
  to   space 10752K, 0% used [0x00000007b0080000,0x00000007b0080000,0x00000007b0b00000)
 ParOldGen       total 173056K, used 8K [0x0000000702200000, 0x000000070cb00000, 0x00000007ab600000)
  object space 173056K, 0% used [0x0000000702200000,0x0000000702202000,0x000000070cb00000)
 PSPermGen       total 21504K, used 15562K [0x00000006fd000000, 0x00000006fe500000, 0x0000000702200000)
  object space 21504K, 72% used [0x00000006fd000000,0x00000006fdf32890,0x00000006fe500000)
Event: 2.771 GC heap after
Heap after GC invocations=2 (full 0):
 PSYoungGen      total 76288K, used 9971K [0x00000007ab600000, 0x00000007b0b00000, 0x0000000800000000)
  eden space 65536K, 0% used [0x00000007ab600000,0x00000007ab600000,0x00000007af600000)
  from space 10752K, 92% used [0x00000007b0080000,0x00000007b0a3ced8,0x00000007b0b00000)
  to   space 10752K, 0% used [0x00000007af600000,0x00000007af600000,0x00000007b0080000)
 ParOldGen       total 173056K, used 16K [0x0000000702200000, 0x000000070cb00000, 0x00000007ab600000)
  object space 173056K, 0% used [0x0000000702200000,0x0000000702204000,0x000000070cb00000)
 PSPermGen       total 21504K, used 15562K [0x00000006fd000000, 0x00000006fe500000, 0x0000000702200000)
  object space 21504K, 72% used [0x00000006fd000000,0x00000006fdf32890,0x00000006fe500000)
}
Event: 3.418 GC heap before
{Heap before GC invocations=3 (full 0):
 PSYoungGen      total 76288K, used 75507K [0x00000007ab600000, 0x00000007b0b00000, 0x0000000800000000)
  eden space 65536K, 100% used [0x00000007ab600000,0x00000007af600000,0x00000007af600000)
  from space 10752K, 92% used [0x00000007b0080000,0x00000007b0a3ced8,0x00000007b0b00000)
  to   space 10752K, 0% used [0x00000007af600000,0x00000007af600000,0x00000007b0080000)
 ParOldGen       total 173056K, used 16K [0x0000000702200000, 0x000000070cb00000, 0x00000007ab600000)
  object space 173056K, 0% used [0x0000000702200000,0x0000000702204000,0x000000070cb00000)
 PSPermGen       total 21504K, used 16454K [0x00000006fd000000, 0x00000006fe500000, 0x0000000702200000)
  object space 21504K, 76% used [0x00000006fd000000,0x00000006fe011900,0x00000006fe500000)
Event: 3.427 GC heap after
Heap after GC invocations=3 (full 0):
 PSYoungGen      total 76288K, used 10721K [0x00000007ab600000, 0x00000007b0b00000, 0x0000000800000000)
  eden space 65536K, 0% used [0x00000007ab600000,0x00000007ab600000,0x00000007af600000)
  from space 10752K, 99% used [0x00000007af600000,0x00000007b0078430,0x00000007b0080000)
  to   space 10752K, 0% used [0x00000007b0080000,0x00000007b0080000,0x00000007b0b00000)
 ParOldGen       total 173056K, used 1307K [0x0000000702200000, 0x000000070cb00000, 0x00000007ab600000)
  object space 173056K, 0% used [0x0000000702200000,0x0000000702346f58,0x000000070cb00000)
 PSPermGen       total 21504K, used 16454K [0x00000006fd000000, 0x00000006fe500000, 0x0000000702200000)
  object space 21504K, 76% used [0x00000006fd000000,0x00000006fe011900,0x00000006fe500000)
}
Event: 4.263 GC heap before
{Heap before GC invocations=4 (full 0):
 PSYoungGen      total 76288K, used 76257K [0x00000007ab600000, 0x00000007b0b00000, 0x0000000800000000)
  eden space 65536K, 100% used [0x00000007ab600000,0x00000007af600000,0x00000007af600000)
  from space 10752K, 99% used [0x00000007af600000,0x00000007b0078430,0x00000007b0080000)
  to   space 10752K, 0% used [0x00000007b0080000,0x00000007b0080000,0x00000007b0b00000)
 ParOldGen       total 173056K, used 1307K [0x0000000702200000, 0x000000070cb00000, 0x00000007ab600000)
  object space 173056K, 0% used [0x0000000702200000,0x0000000702346f58,0x000000070cb00000)
 PSPermGen       total 22016K, used 21715K [0x00000006fd000000, 0x00000006fe580000, 0x0000000702200000)
  object space 22016K, 98% used [0x00000006fd000000,0x00000006fe534d80,0x00000006fe580000)
Event: 4.277 GC heap after
Heap after GC invocations=4 (full 0):
 PSYoungGen      total 76288K, used 10721K [0x00000007ab600000, 0x00000007b0b00000, 0x0000000800000000)
  eden space 65536K, 0% used [0x00000007ab600000,0x00000007ab600000,0x00000007af600000)
  from space 10752K, 99% used [0x00000007b0080000,0x00000007b0af8430,0x00000007b0b00000)
  to   space 10752K, 0% used [0x00000007af600000,0x00000007af600000,0x00000007b0080000)
 ParOldGen       total 173056K, used 7578K [0x0000000702200000, 0x000000070cb00000, 0x00000007ab600000)
  object space 173056K, 4% used [0x0000000702200000,0x0000000702966a70,0x000000070cb00000)
 PSPermGen       total 22016K, used 21715K [0x00000006fd000000, 0x00000006fe580000, 0x0000000702200000)
  object space 22016K, 98% used [0x00000006fd000000,0x00000006fe534d80,0x00000006fe580000)
}
Event: 4.941 GC heap before
{Heap before GC invocations=5 (full 0):
 PSYoungGen      total 76288K, used 76257K [0x00000007ab600000, 0x00000007b0b00000, 0x0000000800000000)
  eden space 65536K, 100% used [0x00000007ab600000,0x00000007af600000,0x00000007af600000)
  from space 10752K, 99% used [0x00000007b0080000,0x00000007b0af8430,0x00000007b0b00000)
  to   space 10752K, 0% used [0x00000007af600000,0x00000007af600000,0x00000007b0080000)
 ParOldGen       total 173056K, used 7578K [0x0000000702200000, 0x000000070cb00000, 0x00000007ab600000)
  object space 173056K, 4% used [0x0000000702200000,0x0000000702966a70,0x000000070cb00000)
 PSPermGen       total 23552K, used 23163K [0x00000006fd000000, 0x00000006fe700000, 0x0000000702200000)
  object space 23552K, 98% used [0x00000006fd000000,0x00000006fe69ee68,0x00000006fe700000)
Event: 4.956 GC heap after
Heap after GC invocations=5 (full 0):
 PSYoungGen      total 76288K, used 10721K [0x00000007ab600000, 0x00000007b0b00000, 0x0000000800000000)
  eden space 65536K, 0% used [0x00000007ab600000,0x00000007ab600000,0x00000007af600000)
  from space 10752K, 99% used [0x00000007af600000,0x00000007b0078460,0x00000007b0080000)
  to   space 10752K, 0% used [0x00000007b0080000,0x00000007b0080000,0x00000007b0b00000)
 ParOldGen       total 173056K, used 19026K [0x0000000702200000, 0x000000070cb00000, 0x00000007ab600000)
  object space 173056K, 10% used [0x0000000702200000,0x0000000703494930,0x000000070cb00000)
 PSPermGen       total 23552K, used 23163K [0x00000006fd000000, 0x00000006fe700000, 0x0000000702200000)
  object space 23552K, 98% used [0x00000006fd000000,0x00000006fe69ee68,0x00000006fe700000)
}

